<?xml version="1.0" encoding="UTF-8"?>
<testsuite xmlns:xsi="http://www.w3.org/2001/XMLSchema-instance" xsi:noNamespaceSchemaLocation="https://maven.apache.org/surefire/maven-surefire-plugin/xsd/surefire-test-report.xsd" version="3.0.2" name="com.mogutou.erp.service.InventoryServiceTest" time="0.233" tests="21" errors="0" skipped="0" failures="0">
  <properties>
[...]
</properties>
  <testcase name="testGetInventoryByIdNotFound" classname="com.mogutou.erp.service.InventoryServiceTest" time="0.164"/>
  <testcase name="testDeleteInventory" classname="com.mogutou.erp.service.InventoryServiceTest" time="0.004"/>
  <testcase name="testCreateInventoryWithAutoGeneratedCode" classname="com.mogutou.erp.service.InventoryServiceTest" time="0.008"/>
  <testcase name="testGetAllProductNames" classname="com.mogutou.erp.service.InventoryServiceTest" time="0.006"/>
  <testcase name="testReduceInventory" classname="com.mogutou.erp.service.InventoryServiceTest" time="0.0"/>
  <testcase name="testDeleteInventoryNotFound" classname="com.mogutou.erp.service.InventoryServiceTest" time="0.0"/>
  <testcase name="testUpdateInventory" classname="com.mogutou.erp.service.InventoryServiceTest" time="0.01"/>
  <testcase name="testIncreaseInventoryNotFound" classname="com.mogutou.erp.service.InventoryServiceTest" time="0.0"/>
  <testcase name="testFindByProductNameNotFound" classname="com.mogutou.erp.service.InventoryServiceTest" time="0.0"/>
  <testcase name="testAdjustInventory" classname="com.mogutou.erp.service.InventoryServiceTest" time="0.01"/>
  <testcase name="testIncreaseInventory" classname="com.mogutou.erp.service.InventoryServiceTest" time="0.0"/>
  <testcase name="testCreateInventoryWithProvidedCode" classname="com.mogutou.erp.service.InventoryServiceTest" time="0.0"/>
  <testcase name="testFindByProductName" classname="com.mogutou.erp.service.InventoryServiceTest" time="0.005"/>
  <testcase name="testGetInventoryById" classname="com.mogutou.erp.service.InventoryServiceTest" time="0.0"/>
  <testcase name="testGetInventoryList" classname="com.mogutou.erp.service.InventoryServiceTest" time="0.004"/>
  <testcase name="testReduceInventoryInsufficientStock" classname="com.mogutou.erp.service.InventoryServiceTest" time="0.006"/>
  <testcase name="testCreateOrUpdateInventoryFromGoodsCreate" classname="com.mogutou.erp.service.InventoryServiceTest" time="0.003"/>
  <testcase name="testGetLowStockItems" classname="com.mogutou.erp.service.InventoryServiceTest" time="0.003"/>
  <testcase name="testCreateOrUpdateInventoryFromGoodsUpdate" classname="com.mogutou.erp.service.InventoryServiceTest" time="0.003"/>
  <testcase name="testUpdateInventoryNotFound" classname="com.mogutou.erp.service.InventoryServiceTest" time="0.002"/>
  <testcase name="testAdjustInventoryNotFound" classname="com.mogutou.erp.service.InventoryServiceTest" time="0.0"/>
</testsuite>