<?xml version="1.0" encoding="UTF-8"?>
<testsuite xmlns:xsi="http://www.w3.org/2001/XMLSchema-instance" xsi:noNamespaceSchemaLocation="https://maven.apache.org/surefire/maven-surefire-plugin/xsd/surefire-test-report.xsd" version="3.0.2" name="com.mogutou.erp.controller.AuthControllerTest" time="8.254" tests="7" errors="0" skipped="0" failures="0">
  <properties>
[...]
</properties>
  <testcase name="testRegisterFailureUsernameExists" classname="com.mogutou.erp.controller.AuthControllerTest" time="0.236">
    <system-out><![CDATA[00:52:54.982 [main] INFO org.springframework.test.context.support.AnnotationConfigContextLoaderUtils -- Could not detect default configuration classes for test class [com.mogutou.erp.controller.AuthControllerTest]: AuthControllerTest does not declare any static, non-private, non-final, nested classes annotated with @Configuration.
00:52:55.086 [main] INFO org.springframework.boot.test.context.SpringBootTestContextBootstrapper -- Found @SpringBootConfiguration com.mogutou.erp.MogutouErpApplication for test class com.mogutou.erp.controller.AuthControllerTest

  .   ____          _            __ _ _
 /\\ / ___'_ __ _ _(_)_ __  __ _ \ \ \ \
( ( )\___ | '_ | '_| | '_ \/ _` | \ \ \ \
 \\/  ___)| |_)| | | | | || (_| |  ) ) ) )
  '  |____| .__|_| |_|_| |_\__, | / / / /
 =========|_|==============|___/=/_/_/_/

 :: Spring Boot ::                (v3.4.3)

2025-05-31T00:52:55.406+08:00  INFO 42252 --- [           main] c.m.erp.controller.AuthControllerTest    : Starting AuthControllerTest using Java 21.0.2 with PID 42252 (started by 哈振宇 in C:\Users\哈振宇\Desktop\mgterp - 副本\mogutouERP-springboot)
2025-05-31T00:52:55.411+08:00 DEBUG 42252 --- [           main] c.m.erp.controller.AuthControllerTest    : Running with Spring Boot v3.4.3, Spring v6.2.3
2025-05-31T00:52:55.411+08:00  INFO 42252 --- [           main] c.m.erp.controller.AuthControllerTest    : The following 1 profile is active: "test"
2025-05-31T00:52:56.036+08:00  INFO 42252 --- [           main] .s.d.r.c.RepositoryConfigurationDelegate : Bootstrapping Spring Data JPA repositories in DEFAULT mode.
2025-05-31T00:52:56.106+08:00  INFO 42252 --- [           main] .s.d.r.c.RepositoryConfigurationDelegate : Finished Spring Data repository scanning in 62 ms. Found 7 JPA repository interfaces.
2025-05-31T00:52:56.237+08:00  WARN 42252 --- [           main] o.m.s.mapper.ClassPathMapperScanner      : No MyBatis mapper was found in '[com.mogutou.erp]' package. Please check your configuration.
2025-05-31T00:52:57.734+08:00  INFO 42252 --- [           main] o.hibernate.jpa.internal.util.LogHelper  : HHH000204: Processing PersistenceUnitInfo [name: default]
2025-05-31T00:52:57.856+08:00  INFO 42252 --- [           main] org.hibernate.Version                    : HHH000412: Hibernate ORM core version 6.6.8.Final
2025-05-31T00:52:57.943+08:00  INFO 42252 --- [           main] o.h.c.internal.RegionFactoryInitiator    : HHH000026: Second-level cache disabled
2025-05-31T00:52:58.107+08:00  INFO 42252 --- [           main] o.s.o.j.p.SpringPersistenceUnitInfo      : No LoadTimeWeaver setup: ignoring JPA class transformer
2025-05-31T00:52:58.146+08:00  INFO 42252 --- [           main] com.zaxxer.hikari.HikariDataSource       : HikariPool-1 - Starting...
2025-05-31T00:52:58.521+08:00  INFO 42252 --- [           main] com.zaxxer.hikari.pool.HikariPool        : HikariPool-1 - Added connection com.mysql.cj.jdbc.ConnectionImpl@341964d0
2025-05-31T00:52:58.521+08:00  INFO 42252 --- [           main] com.zaxxer.hikari.HikariDataSource       : HikariPool-1 - Start completed.
2025-05-31T00:52:58.617+08:00  INFO 42252 --- [           main] org.hibernate.orm.connections.pooling    : HHH10001005: Database info:
	Database JDBC URL [Connecting through datasource 'HikariDataSource (HikariPool-1)']
	Database driver: undefined/unknown
	Database version: 8.0.35
	Autocommit mode: undefined/unknown
	Isolation level: undefined/unknown
	Minimum pool size: undefined/unknown
	Maximum pool size: undefined/unknown
2025-05-31T00:52:59.466+08:00  INFO 42252 --- [           main] o.h.e.t.j.p.i.JtaPlatformInitiator       : HHH000489: No JTA platform available (set 'hibernate.transaction.jta.platform' to enable JTA platform integration)
Hibernate: alter table staff modify column status VARCHAR(20) DEFAULT '在职'
Hibernate: alter table users modify column role VARCHAR(20) DEFAULT 'user'
2025-05-31T00:52:59.566+08:00  INFO 42252 --- [           main] j.LocalContainerEntityManagerFactoryBean : Initialized JPA EntityManagerFactory for persistence unit 'default'
2025-05-31T00:53:00.028+08:00  INFO 42252 --- [           main] o.s.d.j.r.query.QueryEnhancerFactory     : JSqlParser is in classpath; If applicable, JSqlParser will be used.
2025-05-31T00:53:00.028+08:00  INFO 42252 --- [           main] o.s.d.j.r.query.QueryEnhancerFactory     : Hibernate is in classpath; If applicable, HQL parser will be used.
2025-05-31T00:53:01.203+08:00  WARN 42252 --- [           main] JpaBaseConfiguration$JpaWebConfiguration : spring.jpa.open-in-view is enabled by default. Therefore, database queries may be performed during view rendering. Explicitly configure spring.jpa.open-in-view to disable this warning
2025-05-31T00:53:01.245+08:00  WARN 42252 --- [           main] .s.s.UserDetailsServiceAutoConfiguration : 

Using generated security password: 42a5f033-65d0-413d-957a-3181251479e4

This generated password is for development use only. Your security configuration must be updated before running your application in production.

2025-05-31T00:53:01.261+08:00  INFO 42252 --- [           main] r$InitializeUserDetailsManagerConfigurer : Global AuthenticationManager configured with UserDetailsService bean with name inMemoryUserDetailsManager
2025-05-31T00:53:01.896+08:00 DEBUG 42252 --- [           main] o.s.s.web.DefaultSecurityFilterChain     : Will secure any request with filters: DisableEncodeUrlFilter, WebAsyncManagerIntegrationFilter, SecurityContextHolderFilter, HeaderWriterFilter, LogoutFilter, RequestCacheAwareFilter, SecurityContextHolderAwareRequestFilter, AnonymousAuthenticationFilter, ExceptionTranslationFilter, AuthorizationFilter
 _ _   |_  _ _|_. ___ _ |    _ 
| | |\/|_)(_| | |_\  |_)||_|_\ 
     /               |         
                        3.5.10.1 
2025-05-31T00:53:02.744+08:00  INFO 42252 --- [           main] c.m.erp.controller.AuthControllerTest    : Started AuthControllerTest in 7.554 seconds (process running for 8.394)
2025-05-31T00:53:02.833+08:00  INFO 42252 --- [           main] o.s.b.t.m.w.SpringBootMockServletContext : Initializing Spring TestDispatcherServlet ''
2025-05-31T00:53:02.833+08:00  INFO 42252 --- [           main] o.s.t.web.servlet.TestDispatcherServlet  : Initializing Servlet ''
2025-05-31T00:53:02.835+08:00  INFO 42252 --- [           main] o.s.t.web.servlet.TestDispatcherServlet  : Completed initialization in 1 ms
]]></system-out>
    <system-err><![CDATA[Mockito is currently self-attaching to enable the inline-mock-maker. This will no longer work in future releases of the JDK. Please add Mockito as an agent to your build what is described in Mockito's documentation: https://javadoc.io/doc/org.mockito/mockito-core/latest/org/mockito/Mockito.html#0.3
WARNING: A Java agent has been loaded dynamically (D:\apache-maven-3.9.9\local repository\net\bytebuddy\byte-buddy-agent\1.15.11\byte-buddy-agent-1.15.11.jar)
WARNING: If a serviceability tool is in use, please run with -XX:+EnableDynamicAgentLoading to hide this warning
WARNING: If a serviceability tool is not in use, please run with -Djdk.instrument.traceUsage for more information
WARNING: Dynamic loading of agents will be disallowed by default in a future release
]]></system-err>
  </testcase>
  <testcase name="testLoginSuccess" classname="com.mogutou.erp.controller.AuthControllerTest" time="0.014">
    <system-out><![CDATA[2025-05-31T00:53:03.028+08:00  INFO 42252 --- [           main] o.s.b.t.m.w.SpringBootMockServletContext : Initializing Spring TestDispatcherServlet ''
2025-05-31T00:53:03.028+08:00  INFO 42252 --- [           main] o.s.t.web.servlet.TestDispatcherServlet  : Initializing Servlet ''
2025-05-31T00:53:03.028+08:00  INFO 42252 --- [           main] o.s.t.web.servlet.TestDispatcherServlet  : Completed initialization in 0 ms
]]></system-out>
  </testcase>
  <testcase name="testLoginFailure" classname="com.mogutou.erp.controller.AuthControllerTest" time="0.005">
    <system-out><![CDATA[2025-05-31T00:53:03.046+08:00  INFO 42252 --- [           main] o.s.b.t.m.w.SpringBootMockServletContext : Initializing Spring TestDispatcherServlet ''
2025-05-31T00:53:03.046+08:00  INFO 42252 --- [           main] o.s.t.web.servlet.TestDispatcherServlet  : Initializing Servlet ''
2025-05-31T00:53:03.047+08:00  INFO 42252 --- [           main] o.s.t.web.servlet.TestDispatcherServlet  : Completed initialization in 1 ms
]]></system-out>
  </testcase>
  <testcase name="testGetUserInfoSuccess" classname="com.mogutou.erp.controller.AuthControllerTest" time="0.013">
    <system-out><![CDATA[2025-05-31T00:53:03.053+08:00  INFO 42252 --- [           main] o.s.b.t.m.w.SpringBootMockServletContext : Initializing Spring TestDispatcherServlet ''
2025-05-31T00:53:03.053+08:00  INFO 42252 --- [           main] o.s.t.web.servlet.TestDispatcherServlet  : Initializing Servlet ''
2025-05-31T00:53:03.053+08:00  INFO 42252 --- [           main] o.s.t.web.servlet.TestDispatcherServlet  : Completed initialization in 0 ms
🔒 JWT拦截器处理请求: GET /api/auth/user
🎫 请求头中的Authorization: Bearer valid-token...
🔑 提取的实际token长度: 11
✅ Token验证结果: 有效
👤 从token中解析的用户名: testuser
🔍 数据库中查找用户结果: 找到
👤 用户状态: 活跃
✅ JWT认证成功，允许访问
🔍 获取用户信息请求开始
🎯 从请求属性获取到的用户名: testuser
🎯 从请求属性获取到的用户ID: 1
🔍 数据库查询用户结果: 找到用户
✅ 成功构建用户信息: {roles=[Ljava.lang.String;@54d7d2ba, name=testuser, tel=13800138000, avatar=https://wpimg.wallstcn.com/f778738c-e4f8-4870-b634-56703b4acafe.gif, email=test@example.com}
]]></system-out>
  </testcase>
  <testcase name="testLoginWithEmptyParameters" classname="com.mogutou.erp.controller.AuthControllerTest" time="0.009">
    <system-out><![CDATA[2025-05-31T00:53:03.069+08:00  INFO 42252 --- [           main] o.s.b.t.m.w.SpringBootMockServletContext : Initializing Spring TestDispatcherServlet ''
2025-05-31T00:53:03.069+08:00  INFO 42252 --- [           main] o.s.t.web.servlet.TestDispatcherServlet  : Initializing Servlet ''
2025-05-31T00:53:03.070+08:00  INFO 42252 --- [           main] o.s.t.web.servlet.TestDispatcherServlet  : Completed initialization in 1 ms
]]></system-out>
  </testcase>
  <testcase name="testRegisterFailureEmptyFields" classname="com.mogutou.erp.controller.AuthControllerTest" time="0.006">
    <system-out><![CDATA[2025-05-31T00:53:03.078+08:00  INFO 42252 --- [           main] o.s.b.t.m.w.SpringBootMockServletContext : Initializing Spring TestDispatcherServlet ''
2025-05-31T00:53:03.079+08:00  INFO 42252 --- [           main] o.s.t.web.servlet.TestDispatcherServlet  : Initializing Servlet ''
2025-05-31T00:53:03.079+08:00  INFO 42252 --- [           main] o.s.t.web.servlet.TestDispatcherServlet  : Completed initialization in 0 ms
]]></system-out>
  </testcase>
  <testcase name="testRegisterSuccess" classname="com.mogutou.erp.controller.AuthControllerTest" time="0.01">
    <system-out><![CDATA[2025-05-31T00:53:03.086+08:00  INFO 42252 --- [           main] o.s.b.t.m.w.SpringBootMockServletContext : Initializing Spring TestDispatcherServlet ''
2025-05-31T00:53:03.086+08:00  INFO 42252 --- [           main] o.s.t.web.servlet.TestDispatcherServlet  : Initializing Servlet ''
2025-05-31T00:53:03.086+08:00  INFO 42252 --- [           main] o.s.t.web.servlet.TestDispatcherServlet  : Completed initialization in 0 ms
]]></system-out>
  </testcase>
</testsuite>